Not searching for unused variables given on the command line.
[36m--[0m The CXX compiler identification is GNU 9.4.0
[36m--[0m Detecting CXX compiler ABI info
[36m--[0m Detecting CXX compiler ABI info - done
[36m--[0m Check for working CXX compiler: /usr/bin/c++ - skipped
[36m--[0m Detecting CXX compile features
[36m--[0m Detecting CXX compile features - done
[36m--[0m Found Eigen3: /usr/include/eigen3
[36m--[0m pinocchio_default FOUND. pinocchio_default at /opt/ros/noetic/lib/libpinocchio_default.so
[36m--[0m pinocchio_parsers FOUND. pinocchio_parsers at /opt/ros/noetic/lib/libpinocchio_parsers.so
[36m--[0m pinocchio_collision FOUND. pinocchio_collision at /opt/ros/noetic/lib/libpinocchio_collision.so
[36m--[0m boost_filesystem FOUND. boost_filesystem at /usr/lib/x86_64-linux-gnu/libboost_filesystem.so
[36m--[0m boost_serialization FOUND. boost_serialization at /usr/lib/x86_64-linux-gnu/libboost_serialization.so
[36m--[0m boost_system FOUND. boost_system at /usr/lib/x86_64-linux-gnu/libboost_system.so
[36m--[0m Found Boost: /usr/include (found version "1.71.0") found components: filesystem serialization system
[36m--[0m eigenpy FOUND. eigenpy at /opt/ros/noetic/lib/x86_64-linux-gnu/libeigenpy.so
[36m--[0m PythonLibraryDirs: /usr/lib/x86_64-linux-gnu
[36m--[0m PythonLibVersionString: 3.8.10
[36m--[0m Python site lib: lib/python3.8/site-packages
[36m--[0m Python include dirs: /usr/include/python3.8
[36m--[0m Checking for NumPy
[36m--[0m   NUMPY_INCLUDE_DIRS=/usr/lib/python3/dist-packages/numpy/core/include
[36m--[0m   NUMPY_VERSION=1.17.4
[36m--[0m NumPy include dir: /usr/lib/python3/dist-packages/numpy/core/include
[36m--[0m Found Boost: /usr/include (found version "1.71.0") found components: python38
[36m--[0m Boost_PYTHON_LIBRARY: /usr/lib/x86_64-linux-gnu/libboost_python38.so
[36m--[0m Default C++ standard: 201703
[36m--[0m Minimal C++ standard upgraded to 11
[36m--[0m C++ standard sufficient: Minimal required 11, currently defined: 17
[36m--[0m hpp-fcl FOUND. hpp-fcl at /opt/ros/noetic/lib/x86_64-linux-gnu/libhpp-fcl.so
[36m--[0m Found Boost: /usr/include (found version "1.71.0") found components: chrono serialization filesystem
[36m--[0m C++ standard sufficient: Minimal required 11, currently defined: 17
[36m--[0m C++ standard sufficient: Minimal required 11, currently defined: 17
[36m--[0m Performing Test CMAKE_HAVE_LIBC_PTHREAD
[36m--[0m Performing Test CMAKE_HAVE_LIBC_PTHREAD - Failed
[36m--[0m Check if compiler accepts -pthread
[36m--[0m Check if compiler accepts -pthread - yes
[36m--[0m Found Threads: TRUE
[36m--[0m Found fmt: 6.1.2
[0mCMake Deprecation Warning at common/CMakeLists.txt:1 (cmake_minimum_required):
  Compatibility with CMake < 3.5 will be removed from a future version of
  CMake.

  Update the VERSION argument <min> value or use a ...<max> suffix to tell
  CMake that the project does not need compatibility with older versions.

[0m
CMake Deprecation Warning at CMakeLists.txt:1 (cmake_minimum_required):
  Compatibility with CMake < 3.5 will be removed from a future version of
  CMake.

  Update the VERSION argument <min> value or use a ...<max> suffix to tell
  CMake that the project does not need compatibility with older versions.


[36m--[0m The CXX compiler identification is GNU 9.4.0
[36m--[0m Detecting CXX compiler ABI info
[36m--[0m Detecting CXX compiler ABI info - done
[36m--[0m Check for working CXX compiler: /usr/bin/c++ - skipped
[36m--[0m Detecting CXX compile features
[36m--[0m Detecting CXX compile features - done
CMake Warning (dev) at /usr/local/share/cmake-3.27/Modules/ExternalProject.cmake:3136 (message):
  The DOWNLOAD_EXTRACT_TIMESTAMP option was not given and policy CMP0135 is
  not set.  The policy's OLD behavior will be used.  When using a URL
  download, the timestamps of extracted files should preferably be that of
  the time of extraction, otherwise code that depends on the extracted
  contents might not be rebuilt if the URL changes.  The OLD behavior
  preserves the timestamps from the archive instead, but this is usually not
  what you want.  Update your project to the NEW behavior or specify the
  DOWNLOAD_EXTRACT_TIMESTAMP option with a value of true to avoid this
  robustness issue.
[36mCall Stack (most recent call first):[0m
  /usr/local/share/cmake-3.27/Modules/ExternalProject.cmake:4345 (_ep_add_download_command)
  CMakeLists.txt:5 (ExternalProject_Add)
This warning is for project developers.  Use -Wno-dev to suppress it.

[36m--[0m Configuring done (0.2s)
[36m--[0m Generating done (0.0s)
[36m--[0m Build files have been written to: /home/hv/ws_moveit/build/libfranka/googletest-download
[ 11%] Creating directories for 'googletest'
[ 22%] Performing download step (download, verify and extract) for 'googletest'
[36m--[0m Downloading...
   dst='/home/hv/ws_moveit/src/libfranka/3rdparty/googletest-1.8.0.tar.gz'
   timeout='none'
   inactivity timeout='none'
[36m--[0m Using src='https://github.com/google/googletest/archive/release-1.8.0.tar.gz'
[36m--[0m [download 1% complete]
[36m--[0m [download 3% complete]
[36m--[0m [download 6% complete]
[36m--[0m [download 7% complete]
[36m--[0m [download 11% complete]
[36m--[0m [download 14% complete]
[36m--[0m [download 16% complete]
[36m--[0m [download 18% complete]
[36m--[0m [download 20% complete]
[36m--[0m [download 22% complete]
[36m--[0m [download 25% complete]
[36m--[0m [download 26% complete]
[36m--[0m [download 28% complete]
[36m--[0m [download 53% complete]
[36m--[0m [download 54% complete]
[36m--[0m [download 66% complete]
[36m--[0m [download 68% complete]
[36m--[0m [download 84% complete]
[36m--[0m [download 85% complete]
[36m--[0m [download 86% complete]
[36m--[0m [download 88% complete]
[36m--[0m [download 100% complete]
[36m--[0m verifying file...
       file='/home/hv/ws_moveit/src/libfranka/3rdparty/googletest-1.8.0.tar.gz'
[36m--[0m Downloading... done
[36m--[0m extracting...
     src='/home/hv/ws_moveit/src/libfranka/3rdparty/googletest-1.8.0.tar.gz'
     dst='/home/hv/ws_moveit/src/libfranka/3rdparty/googletest'
[36m--[0m extracting... [tar xfz]
[36m--[0m extracting... [analysis]
[36m--[0m extracting... [rename]
[36m--[0m extracting... [clean up]
[36m--[0m extracting... done
[ 33%] No update step for 'googletest'
[ 44%] No patch step for 'googletest'
[ 55%] No configure step for 'googletest'
[ 66%] No build step for 'googletest'
[ 77%] No install step for 'googletest'
[ 88%] No test step for 'googletest'
[100%] Completed 'googletest'
[100%] Built target googletest
[36m--[0m The C compiler identification is GNU 9.4.0
[36m--[0m Detecting C compiler ABI info
[36m--[0m Detecting C compiler ABI info - done
[36m--[0m Check for working C compiler: /usr/bin/cc - skipped
[36m--[0m Detecting C compile features
[36m--[0m Detecting C compile features - done
[0mCMake Deprecation Warning at 3rdparty/googletest/googlemock/CMakeLists.txt:41 (cmake_minimum_required):
  Compatibility with CMake < 3.5 will be removed from a future version of
  CMake.

  Update the VERSION argument <min> value or use a ...<max> suffix to tell
  CMake that the project does not need compatibility with older versions.

[0m
[0mCMake Deprecation Warning at 3rdparty/googletest/googletest/CMakeLists.txt:48 (cmake_minimum_required):
  Compatibility with CMake < 3.5 will be removed from a future version of
  CMake.

  Update the VERSION argument <min> value or use a ...<max> suffix to tell
  CMake that the project does not need compatibility with older versions.

[0m
[33mCMake Warning (dev) at 3rdparty/googletest/googletest/cmake/internal_utils.cmake:209 (find_package):
  Policy CMP0148 is not set: The FindPythonInterp and FindPythonLibs modules
  are removed.  Run "cmake --help-policy CMP0148" for policy details.  Use
  the cmake_policy command to set the policy and suppress this warning.

[36mCall Stack (most recent call first):[0m
  3rdparty/googletest/googletest/CMakeLists.txt:60 (include)
This warning is for project developers.  Use -Wno-dev to suppress it.
[0m
[36m--[0m Found PythonInterp: /usr/bin/python3.8 (found version "3.8.10")
[36m--[0m Performing Test HAVE_ASan
[36m--[0m Performing Test HAVE_ASan - Success
[36m--[0m Performing Test HAVE_UBSan
[36m--[0m Performing Test HAVE_UBSan - Success
[36m--[0m Performing Test HAVE_TSan
[36m--[0m Performing Test HAVE_TSan - Failed
[0mCMake Deprecation Warning at examples/CMakeLists.txt:1 (cmake_minimum_required):
  Compatibility with CMake < 3.5 will be removed from a future version of
  CMake.

  Update the VERSION argument <min> value or use a ...<max> suffix to tell
  CMake that the project does not need compatibility with older versions.

[0m
[36m--[0m Found fmt: 6.1.2
[33mCMake Warning at CMakeLists.txt:258 (MESSAGE):
  Could not find clang-format

[0m
[33mCMake Warning at CMakeLists.txt:286 (MESSAGE):
  Could not find clang-tidy

[0m
[36m--[0m Configuring done (3.1s)
[36m--[0m Generating done (0.0s)
[36m--[0m Build files have been written to: /home/hv/ws_moveit/build/libfranka
